<?xml version="1.0" encoding="UTF-8"?>
<testng-results skipped="0" failed="0" total="1" passed="1">
  <reporter-output>
    <line>
      <![CDATA[No of row are::5    No of rows ::10]]>
    </line>
    <line>
      <![CDATA[Login Success]]>
    </line>
    <line>
      <![CDATA[Logout Success]]>
    </line>
    <line>
      <![CDATA[Login Success]]>
    </line>
    <line>
      <![CDATA[New Branch Created SuccessFully]]>
    </line>
    <line>
      <![CDATA[Logout Success]]>
    </line>
    <line>
      <![CDATA[Login Success]]>
    </line>
    <line>
      <![CDATA[Branch Updated Successfully]]>
    </line>
    <line>
      <![CDATA[Logout Success]]>
    </line>
  </reporter-output>
  <suite name="Default suite" duration-ms="105817" started-at="2020-05-27T03:11:22Z" finished-at="2020-05-27T03:13:08Z">
    <groups>
    </groups>
    <test name="Default test" duration-ms="105817" started-at="2020-05-27T03:11:22Z" finished-at="2020-05-27T03:13:08Z">
      <class name="DriverFactory.DriverScript">
        <test-method status="PASS" signature="setUp()[pri:0, instance:DriverFactory.DriverScript@475530b9]" name="setUp" is-config="true" duration-ms="7742" started-at="2020-05-27T08:41:22Z" finished-at="2020-05-27T08:41:30Z">
          <reporter-output>
          </reporter-output>
        </test-method> <!-- setUp -->
        <test-method status="PASS" signature="startTest()[pri:0, instance:DriverFactory.DriverScript@475530b9]" name="startTest" duration-ms="97737" started-at="2020-05-27T08:41:30Z" finished-at="2020-05-27T08:43:07Z">
          <reporter-output>
            <line>
              <![CDATA[No of row are::5    No of rows ::10]]>
            </line>
            <line>
              <![CDATA[Login Success]]>
            </line>
            <line>
              <![CDATA[Logout Success]]>
            </line>
            <line>
              <![CDATA[Login Success]]>
            </line>
            <line>
              <![CDATA[New Branch Created SuccessFully]]>
            </line>
            <line>
              <![CDATA[Logout Success]]>
            </line>
            <line>
              <![CDATA[Login Success]]>
            </line>
            <line>
              <![CDATA[Branch Updated Successfully]]>
            </line>
            <line>
              <![CDATA[Logout Success]]>
            </line>
          </reporter-output>
        </test-method> <!-- startTest -->
        <test-method status="PASS" signature="tearDown()[pri:0, instance:DriverFactory.DriverScript@475530b9]" name="tearDown" is-config="true" duration-ms="317" started-at="2020-05-27T08:43:07Z" finished-at="2020-05-27T08:43:08Z">
          <reporter-output>
          </reporter-output>
        </test-method> <!-- tearDown -->
      </class> <!-- DriverFactory.DriverScript -->
    </test> <!-- Default test -->
  </suite> <!-- Default suite -->
</testng-results>
